# JRE version: Java(TM) SE Runtime Environment (8.0_231-b11) (build 1.8.0_231-b11)
# Java VM: Java HotSpot(TM) Client VM (25.231-b11 mixed mode windows-x86 )
Heap:
 def new generation   total 78656K, used 12024K [0x03e00000, 0x09350000, 0x09350000)
  eden space 69952K,  17% used [0x03e00000, 0x049be0f8, 0x08250000)
  from space 8704K,   0% used [0x08250000, 0x08250000, 0x08ad0000)
  to   space 8704K,   0% used [0x08ad0000, 0x08ad0000, 0x09350000)
 tenured generation   total 174784K, used 106783K [0x09350000, 0x13e00000, 0x13e00000)
   the space 174784K,  61% used [0x09350000, 0x0fb97fb0, 0x0fb98000, 0x13e00000)
 Metaspace       used 20914K, capacity 21920K, committed 22016K, reserved 22912K
GC Heap History (10 events):
Event: 83.739 GC heap before
{Heap before GC invocations=39 (full 5):
 def new generation   total 78656K, used 75895K [0x03e00000, 0x09350000, 0x09350000)
  eden space 69952K, 100% used [0x03e00000, 0x08250000, 0x08250000)
  from space 8704K,  68% used [0x08250000, 0x0881de20, 0x08ad0000)
  to   space 8704K,   0% used [0x08ad0000, 0x08ad0000, 0x09350000)
 tenured generation   total 174784K, used 158911K [0x09350000, 0x13e00000, 0x13e00000)
   the space 174784K,  90% used [0x09350000, 0x12e7fe60, 0x12e80000, 0x13e00000)
 Metaspace       used 20829K, capacity 21782K, committed 21888K, reserved 21888K
Event: 83.897 GC heap after
Heap after GC invocations=40 (full 6):
 def new generation   total 78656K, used 0K [0x03e00000, 0x09350000, 0x09350000)
  eden space 69952K,   0% used [0x03e00000, 0x03e00000, 0x08250000)
  from space 8704K,   0% used [0x08250000, 0x08250000, 0x08ad0000)
  to   space 8704K,   0% used [0x08ad0000, 0x08ad0000, 0x09350000)
 tenured generation   total 174784K, used 118462K [0x09350000, 0x13e00000, 0x13e00000)
   the space 174784K,  67% used [0x09350000, 0x106ff940, 0x106ffa00, 0x13e00000)
 Metaspace       used 20829K, capacity 21782K, committed 21888K, reserved 21888K
}
Event: 86.337 GC heap before
{Heap before GC invocations=40 (full 6):
 def new generation   total 78656K, used 69952K [0x03e00000, 0x09350000, 0x09350000)
  eden space 69952K, 100% used [0x03e00000, 0x08250000, 0x08250000)
  from space 8704K,   0% used [0x08250000, 0x08250000, 0x08ad0000)
  to   space 8704K,   0% used [0x08ad0000, 0x08ad0000, 0x09350000)
 tenured generation   total 174784K, used 118462K [0x09350000, 0x13e00000, 0x13e00000)
   the space 174784K,  67% used [0x09350000, 0x106ff940, 0x106ffa00, 0x13e00000)
 Metaspace       used 20830K, capacity 21782K, committed 21888K, reserved 21888K
Event: 86.366 GC heap after
Heap after GC invocations=41 (full 6):
 def new generation   total 78656K, used 8580K [0x03e00000, 0x09350000, 0x09350000)
  eden space 69952K,   0% used [0x03e00000, 0x03e00000, 0x08250000)
  from space 8704K,  98% used [0x08ad0000, 0x09331388, 0x09350000)
  to   space 8704K,   0% used [0x08250000, 0x08250000, 0x08ad0000)
 tenured generation   total 174784K, used 136895K [0x09350000, 0x13e00000, 0x13e00000)
   the space 174784K,  78% used [0x09350000, 0x118ffe50, 0x11900000, 0x13e00000)
 Metaspace       used 20830K, capacity 21782K, committed 21888K, reserved 21888K
}
Event: 86.840 GC heap before
{Heap before GC invocations=41 (full 6):
 def new generation   total 78656K, used 75774K [0x03e00000, 0x09350000, 0x09350000)
  eden space 69952K,  96% used [0x03e00000, 0x07f9e7a0, 0x08250000)
  from space 8704K,  98% used [0x08ad0000, 0x09331388, 0x09350000)
  to   space 8704K,   0% used [0x08250000, 0x08250000, 0x08ad0000)
 tenured generation   total 174784K, used 136895K [0x09350000, 0x13e00000, 0x13e00000)
   the space 174784K,  78% used [0x09350000, 0x118ffe50, 0x11900000, 0x13e00000)
 Metaspace       used 20831K, capacity 21784K, committed 21888K, reserved 21888K
Event: 86.851 GC heap after
Heap after GC invocations=42 (full 6):
 def new generation   total 78656K, used 3108K [0x03e00000, 0x09350000, 0x09350000)
  eden space 69952K,   0% used [0x03e00000, 0x03e00000, 0x08250000)
  from space 8704K,  35% used [0x08250000, 0x085591c0, 0x08ad0000)
  to   space 8704K,   0% used [0x08ad0000, 0x08ad0000, 0x09350000)
 tenured generation   total 174784K, used 142321K [0x09350000, 0x13e00000, 0x13e00000)
   the space 174784K,  81% used [0x09350000, 0x11e4c5b0, 0x11e4c600, 0x13e00000)
 Metaspace       used 20831K, capacity 21784K, committed 21888K, reserved 21888K
}
Event: 92.249 GC heap before
{Heap before GC invocations=42 (full 6):
 def new generation   total 78656K, used 72689K [0x03e00000, 0x09350000, 0x09350000)
  eden space 69952K,  99% used [0x03e00000, 0x081f3400, 0x08250000)
  from space 8704K,  35% used [0x08250000, 0x085591c0, 0x08ad0000)
  to   space 8704K,   0% used [0x08ad0000, 0x08ad0000, 0x09350000)
 tenured generation   total 174784K, used 142321K [0x09350000, 0x13e00000, 0x13e00000)
   the space 174784K,  81% used [0x09350000, 0x11e4c5b0, 0x11e4c600, 0x13e00000)
 Metaspace       used 20872K, capacity 21834K, committed 21888K, reserved 21888K
Event: 92.261 GC heap after
Heap after GC invocations=43 (full 6):
 def new generation   total 78656K, used 8218K [0x03e00000, 0x09350000, 0x09350000)
  eden space 69952K,   0% used [0x03e00000, 0x03e00000, 0x08250000)
  from space 8704K,  94% used [0x08ad0000, 0x092d6b10, 0x09350000)
  to   space 8704K,   0% used [0x08250000, 0x08250000, 0x08ad0000)
 tenured generation   total 174784K, used 142321K [0x09350000, 0x13e00000, 0x13e00000)
   the space 174784K,  81% used [0x09350000, 0x11e4c5b0, 0x11e4c600, 0x13e00000)
 Metaspace       used 20872K, capacity 21834K, committed 21888K, reserved 21888K
}
Event: 104.079 GC heap before
{Heap before GC invocations=43 (full 6):
 def new generation   total 78656K, used 78019K [0x03e00000, 0x09350000, 0x09350000)
  eden space 69952K,  99% used [0x03e00000, 0x0822a4c8, 0x08250000)
  from space 8704K,  94% used [0x08ad0000, 0x092d6b10, 0x09350000)
  to   space 8704K,   0% used [0x08250000, 0x08250000, 0x08ad0000)
 tenured generation   total 174784K, used 142321K [0x09350000, 0x13e00000, 0x13e00000)
   the space 174784K,  81% used [0x09350000, 0x11e4c5b0, 0x11e4c600, 0x13e00000)
 Metaspace       used 20913K, capacity 21888K, committed 22016K, reserved 22912K
Event: 104.273 GC heap after
Heap after GC invocations=44 (full 7):
 def new generation   total 78656K, used 0K [0x03e00000, 0x09350000, 0x09350000)
  eden space 69952K,   0% used [0x03e00000, 0x03e00000, 0x08250000)
  from space 8704K,   0% used [0x08250000, 0x08250000, 0x08ad0000)
  to   space 8704K,   0% used [0x08ad0000, 0x08ad0000, 0x09350000)
 tenured generation   total 174784K, used 106783K [0x09350000, 0x13e00000, 0x13e00000)
   the space 174784K,  61% used [0x09350000, 0x0fb97fb0, 0x0fb98000, 0x13e00000)
 Metaspace       used 20913K, capacity 21888K, committed 22016K, reserved 22912K
}

