# JRE version: Java(TM) SE Runtime Environment (8.0_231-b11) (build 1.8.0_231-b11)
# Java VM: Java HotSpot(TM) Client VM (25.231-b11 mixed mode windows-x86 )
Heap:
 def new generation   total 78656K, used 21583K [0x04000000, 0x09550000, 0x09550000)
  eden space 69952K,  18% used [0x04000000, 0x04c93de8, 0x08450000)
  from space 8704K,  99% used [0x08cd0000, 0x0954fff8, 0x09550000)
  to   space 8704K,   0% used [0x08450000, 0x08450000, 0x08cd0000)
 tenured generation   total 174784K, used 154973K [0x09550000, 0x14000000, 0x14000000)
   the space 174784K,  88% used [0x09550000, 0x12ca7508, 0x12ca7600, 0x14000000)
 Metaspace       used 20928K, capacity 21908K, committed 22016K, reserved 22912K
GC Heap History (10 events):
Event: 31.419 GC heap before
{Heap before GC invocations=39 (full 6):
 def new generation   total 78656K, used 77089K [0x04000000, 0x09550000, 0x09550000)
  eden space 69952K, 100% used [0x04000000, 0x08450000, 0x08450000)
  from space 8704K,  81% used [0x08450000, 0x08b48430, 0x08cd0000)
  to   space 8704K,   0% used [0x08cd0000, 0x08cd0000, 0x09550000)
 tenured generation   total 174784K, used 173850K [0x09550000, 0x14000000, 0x14000000)
   the space 174784K,  99% used [0x09550000, 0x13f16b50, 0x13f16c00, 0x14000000)
 Metaspace       used 20812K, capacity 21759K, committed 21760K, reserved 21888K
Event: 31.619 GC heap after
Heap after GC invocations=40 (full 7):
 def new generation   total 78656K, used 16792K [0x04000000, 0x09550000, 0x09550000)
  eden space 69952K,  24% used [0x04000000, 0x050660c8, 0x08450000)
  from space 8704K,   0% used [0x08450000, 0x08450000, 0x08cd0000)
  to   space 8704K,   0% used [0x08cd0000, 0x08cd0000, 0x09550000)
 tenured generation   total 174784K, used 173243K [0x09550000, 0x14000000, 0x14000000)
   the space 174784K,  99% used [0x09550000, 0x13e7eea8, 0x13e7f000, 0x14000000)
 Metaspace       used 20812K, capacity 21759K, committed 21760K, reserved 21888K
}
Event: 31.948 GC heap before
{Heap before GC invocations=40 (full 7):
 def new generation   total 78656K, used 75985K [0x04000000, 0x09550000, 0x09550000)
  eden space 69952K,  99% used [0x04000000, 0x083dd330, 0x08450000)
  from space 8704K,  74% used [0x08450000, 0x08aa7328, 0x08cd0000)
  to   space 8704K,   0% used [0x08cd0000, 0x08cd0000, 0x09550000)
 tenured generation   total 174784K, used 173243K [0x09550000, 0x14000000, 0x14000000)
   the space 174784K,  99% used [0x09550000, 0x13e7eea8, 0x13e7f000, 0x14000000)
 Metaspace       used 20812K, capacity 21759K, committed 21760K, reserved 21888K
Event: 32.093 GC heap after
Heap after GC invocations=41 (full 8):
 def new generation   total 78656K, used 0K [0x04000000, 0x09550000, 0x09550000)
  eden space 69952K,   0% used [0x04000000, 0x04000000, 0x08450000)
  from space 8704K,   0% used [0x08450000, 0x08450000, 0x08cd0000)
  to   space 8704K,   0% used [0x08cd0000, 0x08cd0000, 0x09550000)
 tenured generation   total 174784K, used 96132K [0x09550000, 0x14000000, 0x14000000)
   the space 174784K,  55% used [0x09550000, 0x0f331320, 0x0f331400, 0x14000000)
 Metaspace       used 20812K, capacity 21759K, committed 21760K, reserved 21888K
}
Event: 35.286 GC heap before
{Heap before GC invocations=41 (full 8):
 def new generation   total 78656K, used 70111K [0x04000000, 0x09550000, 0x09550000)
  eden space 69952K, 100% used [0x04000000, 0x08450000, 0x08450000)
  from space 8704K,   1% used [0x08450000, 0x08477c58, 0x08cd0000)
  to   space 8704K,   0% used [0x08cd0000, 0x08cd0000, 0x09550000)
 tenured generation   total 174784K, used 96132K [0x09550000, 0x14000000, 0x14000000)
   the space 174784K,  55% used [0x09550000, 0x0f331320, 0x0f331400, 0x14000000)
 Metaspace       used 20818K, capacity 21772K, committed 21888K, reserved 21888K
Event: 35.298 GC heap after
Heap after GC invocations=42 (full 8):
 def new generation   total 78656K, used 2497K [0x04000000, 0x09550000, 0x09550000)
  eden space 69952K,   0% used [0x04000000, 0x04000000, 0x08450000)
  from space 8704K,  28% used [0x08cd0000, 0x08f406a8, 0x09550000)
  to   space 8704K,   0% used [0x08450000, 0x08450000, 0x08cd0000)
 tenured generation   total 174784K, used 103936K [0x09550000, 0x14000000, 0x14000000)
   the space 174784K,  59% used [0x09550000, 0x0fad0008, 0x0fad0200, 0x14000000)
 Metaspace       used 20818K, capacity 21772K, committed 21888K, reserved 21888K
}
Event: 81.427 GC heap before
{Heap before GC invocations=42 (full 8):
 def new generation   total 78656K, used 62864K [0x04000000, 0x09550000, 0x09550000)
  eden space 69952K,  86% used [0x04000000, 0x07af3d48, 0x08450000)
  from space 8704K,  28% used [0x08cd0000, 0x08f406a8, 0x09550000)
  to   space 8704K,   0% used [0x08450000, 0x08450000, 0x08cd0000)
 tenured generation   total 174784K, used 103936K [0x09550000, 0x14000000, 0x14000000)
   the space 174784K,  59% used [0x09550000, 0x0fad0008, 0x0fad0200, 0x14000000)
 Metaspace       used 20916K, capacity 21903K, committed 22016K, reserved 22912K
Event: 81.441 GC heap after
Heap after GC invocations=43 (full 8):
 def new generation   total 78656K, used 8703K [0x04000000, 0x09550000, 0x09550000)
  eden space 69952K,   0% used [0x04000000, 0x04000000, 0x08450000)
  from space 8704K,  99% used [0x08450000, 0x08ccfff8, 0x08cd0000)
  to   space 8704K,   0% used [0x08cd0000, 0x08cd0000, 0x09550000)
 tenured generation   total 174784K, used 106784K [0x09550000, 0x14000000, 0x14000000)
   the space 174784K,  61% used [0x09550000, 0x0fd980f0, 0x0fd98200, 0x14000000)
 Metaspace       used 20916K, capacity 21903K, committed 22016K, reserved 22912K
}
Event: 83.124 GC heap before
{Heap before GC invocations=43 (full 8):
 def new generation   total 78656K, used 77987K [0x04000000, 0x09550000, 0x09550000)
  eden space 69952K,  99% used [0x04000000, 0x083a8c50, 0x08450000)
  from space 8704K,  99% used [0x08450000, 0x08ccfff8, 0x08cd0000)
  to   space 8704K,   0% used [0x08cd0000, 0x08cd0000, 0x09550000)
 tenured generation   total 174784K, used 109004K [0x09550000, 0x14000000, 0x14000000)
   the space 174784K,  62% used [0x09550000, 0x0ffc3178, 0x0ffc3200, 0x14000000)
 Metaspace       used 20928K, capacity 21908K, committed 22016K, reserved 22912K
Event: 83.181 GC heap after
Heap after GC invocations=44 (full 8):
 def new generation   total 78656K, used 8703K [0x04000000, 0x09550000, 0x09550000)
  eden space 69952K,   0% used [0x04000000, 0x04000000, 0x08450000)
  from space 8704K,  99% used [0x08cd0000, 0x0954fff8, 0x09550000)
  to   space 8704K,   0% used [0x08450000, 0x08450000, 0x08cd0000)
 tenured generation   total 174784K, used 154973K [0x09550000, 0x14000000, 0x14000000)
   the space 174784K,  88% used [0x09550000, 0x12ca7508, 0x12ca7600, 0x14000000)
 Metaspace       used 20928K, capacity 21908K, committed 22016K, reserved 22912K
}

